Started game 3 of 200 (Mantis vs Mantis)
Started game 1 of 200 (Mantis vs Mantis)
Started game 2 of 200 (Mantis vs Mantis)
Started game 4 of 200 (Mantis vs Mantis)
Finished game 1 (Mantis vs Mantis): 0-1 {Black mates}
Score of Mantis vs Mantis: 0 - 1 - 0  [0.000] 1
Started game 5 of 200 (Mantis vs Mantis)
Finished game 2 (Mantis vs Mantis): 1-0 {White mates}
Score of Mantis vs Mantis: 0 - 2 - 0  [0.000] 2
Started game 6 of 200 (Mantis vs Mantis)
Finished game 4 (Mantis vs Mantis): 0-1 {Black mates}
Score of Mantis vs Mantis: 1 - 2 - 0  [0.333] 3
Started game 7 of 200 (Mantis vs Mantis)
Finished game 3 (Mantis vs Mantis): 1-0 {White mates}
Score of Mantis vs Mantis: 2 - 2 - 0  [0.500] 4
Started game 8 of 200 (Mantis vs Mantis)
Finished game 5 (Mantis vs Mantis): 1-0 {White mates}
Score of Mantis vs Mantis: 3 - 2 - 0  [0.600] 5
Started game 9 of 200 (Mantis vs Mantis)
Finished game 6 (Mantis vs Mantis): 1-0 {White mates}
Score of Mantis vs Mantis: 3 - 3 - 0  [0.500] 6
Started game 10 of 200 (Mantis vs Mantis)
Finished game 7 (Mantis vs Mantis): 0-1 {Black mates}
Score of Mantis vs Mantis: 3 - 4 - 0  [0.429] 7
Started game 11 of 200 (Mantis vs Mantis)
Finished game 8 (Mantis vs Mantis): 1-0 {White mates}
Score of Mantis vs Mantis: 3 - 5 - 0  [0.375] 8
Started game 12 of 200 (Mantis vs Mantis)
Finished game 12 (Mantis vs Mantis): 0-1 {Black mates}
Score of Mantis vs Mantis: 4 - 5 - 0  [0.444] 9
Started game 13 of 200 (Mantis vs Mantis)
Finished game 9 (Mantis vs Mantis): 0-1 {Black mates}
Score of Mantis vs Mantis: 4 - 6 - 0  [0.400] 10
Started game 14 of 200 (Mantis vs Mantis)
Finished game 10 (Mantis vs Mantis): 0-1 {Black mates}
Score of Mantis vs Mantis: 5 - 6 - 0  [0.455] 11
Started game 15 of 200 (Mantis vs Mantis)
Finished game 11 (Mantis vs Mantis): 1-0 {White mates}
Score of Mantis vs Mantis: 6 - 6 - 0  [0.500] 12
Started game 16 of 200 (Mantis vs Mantis)
Finished game 13 (Mantis vs Mantis): 1-0 {White mates}
Score of Mantis vs Mantis: 7 - 6 - 0  [0.538] 13
Started game 17 of 200 (Mantis vs Mantis)
Finished game 14 (Mantis vs Mantis): 1-0 {White mates}
Score of Mantis vs Mantis: 7 - 7 - 0  [0.500] 14
Started game 18 of 200 (Mantis vs Mantis)
Finished game 15 (Mantis vs Mantis): 0-1 {Black mates}
Score of Mantis vs Mantis: 7 - 8 - 0  [0.467] 15
Started game 19 of 200 (Mantis vs Mantis)
Finished game 16 (Mantis vs Mantis): 0-1 {Black mates}
Score of Mantis vs Mantis: 8 - 8 - 0  [0.500] 16
Started game 20 of 200 (Mantis vs Mantis)
Finished game 17 (Mantis vs Mantis): 0-1 {Black mates}
Score of Mantis vs Mantis: 8 - 9 - 0  [0.471] 17
Started game 21 of 200 (Mantis vs Mantis)
Finished game 18 (Mantis vs Mantis): 1-0 {White mates}
Score of Mantis vs Mantis: 8 - 10 - 0  [0.444] 18
Started game 22 of 200 (Mantis vs Mantis)
Finished game 19 (Mantis vs Mantis): 1-0 {White mates}
Score of Mantis vs Mantis: 9 - 10 - 0  [0.474] 19
Started game 23 of 200 (Mantis vs Mantis)
Finished game 20 (Mantis vs Mantis): 0-1 {Black mates}
Score of Mantis vs Mantis: 10 - 10 - 0  [0.500] 20
Started game 24 of 200 (Mantis vs Mantis)
Finished game 22 (Mantis vs Mantis): 0-1 {Black mates}
Score of Mantis vs Mantis: 11 - 10 - 0  [0.524] 21
Started game 25 of 200 (Mantis vs Mantis)
Finished game 23 (Mantis vs Mantis): 0-1 {Black mates}
Score of Mantis vs Mantis: 11 - 11 - 0  [0.500] 22
Started game 26 of 200 (Mantis vs Mantis)
Finished game 21 (Mantis vs Mantis): 0-1 {Black mates}
Score of Mantis vs Mantis: 11 - 12 - 0  [0.478] 23
Started game 27 of 200 (Mantis vs Mantis)
Finished game 24 (Mantis vs Mantis): 0-1 {Black mates}
Score of Mantis vs Mantis: 12 - 12 - 0  [0.500] 24
Started game 28 of 200 (Mantis vs Mantis)
Finished game 25 (Mantis vs Mantis): 1-0 {White mates}
Score of Mantis vs Mantis: 13 - 12 - 0  [0.520] 25
Started game 29 of 200 (Mantis vs Mantis)
Finished game 26 (Mantis vs Mantis): 0-1 {Black mates}
Score of Mantis vs Mantis: 14 - 12 - 0  [0.538] 26
Started game 30 of 200 (Mantis vs Mantis)
Finished game 27 (Mantis vs Mantis): 1-0 {White mates}
Score of Mantis vs Mantis: 15 - 12 - 0  [0.556] 27
Started game 31 of 200 (Mantis vs Mantis)
Finished game 28 (Mantis vs Mantis): 0-1 {Black mates}
Score of Mantis vs Mantis: 16 - 12 - 0  [0.571] 28
Started game 32 of 200 (Mantis vs Mantis)
Finished game 29 (Mantis vs Mantis): 0-1 {Black mates}
Score of Mantis vs Mantis: 16 - 13 - 0  [0.552] 29
Started game 33 of 200 (Mantis vs Mantis)
Finished game 30 (Mantis vs Mantis): 0-1 {Black mates}
Score of Mantis vs Mantis: 17 - 13 - 0  [0.567] 30
Started game 34 of 200 (Mantis vs Mantis)
Finished game 31 (Mantis vs Mantis): 0-1 {Black mates}
Score of Mantis vs Mantis: 17 - 14 - 0  [0.548] 31
Started game 35 of 200 (Mantis vs Mantis)
Finished game 32 (Mantis vs Mantis): 0-1 {Black mates}
Score of Mantis vs Mantis: 18 - 14 - 0  [0.563] 32
Started game 36 of 200 (Mantis vs Mantis)
Finished game 33 (Mantis vs Mantis): 1-0 {White mates}
Score of Mantis vs Mantis: 19 - 14 - 0  [0.576] 33
Started game 37 of 200 (Mantis vs Mantis)
Finished game 34 (Mantis vs Mantis): 1-0 {White mates}
Score of Mantis vs Mantis: 19 - 15 - 0  [0.559] 34
Started game 38 of 200 (Mantis vs Mantis)
Finished game 35 (Mantis vs Mantis): 1/2-1/2 {Draw by 3-fold repetition}
Score of Mantis vs Mantis: 19 - 15 - 1  [0.557] 35
Started game 39 of 200 (Mantis vs Mantis)
Finished game 36 (Mantis vs Mantis): 0-1 {Black mates}
Score of Mantis vs Mantis: 20 - 15 - 1  [0.569] 36
Started game 40 of 200 (Mantis vs Mantis)
Finished game 37 (Mantis vs Mantis): 1-0 {White mates}
Score of Mantis vs Mantis: 21 - 15 - 1  [0.581] 37
Started game 41 of 200 (Mantis vs Mantis)
Finished game 38 (Mantis vs Mantis): 1-0 {White mates}
Score of Mantis vs Mantis: 21 - 16 - 1  [0.566] 38
Started game 42 of 200 (Mantis vs Mantis)
Finished game 39 (Mantis vs Mantis): 1/2-1/2 {Draw by 3-fold repetition}
Score of Mantis vs Mantis: 21 - 16 - 2  [0.564] 39
Started game 43 of 200 (Mantis vs Mantis)
Finished game 40 (Mantis vs Mantis): 1-0 {White mates}
Score of Mantis vs Mantis: 21 - 17 - 2  [0.550] 40
Started game 44 of 200 (Mantis vs Mantis)
Finished game 41 (Mantis vs Mantis): 0-1 {Black mates}
Score of Mantis vs Mantis: 21 - 18 - 2  [0.537] 41
Started game 45 of 200 (Mantis vs Mantis)
Finished game 42 (Mantis vs Mantis): 0-1 {Black mates}
Score of Mantis vs Mantis: 22 - 18 - 2  [0.548] 42
Started game 46 of 200 (Mantis vs Mantis)
Finished game 43 (Mantis vs Mantis): 1-0 {White mates}
Score of Mantis vs Mantis: 23 - 18 - 2  [0.558] 43
Started game 47 of 200 (Mantis vs Mantis)
Finished game 44 (Mantis vs Mantis): 1/2-1/2 {Draw by 3-fold repetition}
Score of Mantis vs Mantis: 23 - 18 - 3  [0.557] 44
Started game 48 of 200 (Mantis vs Mantis)
Finished game 45 (Mantis vs Mantis): 1-0 {White mates}
Score of Mantis vs Mantis: 24 - 18 - 3  [0.567] 45
Started game 49 of 200 (Mantis vs Mantis)
Finished game 46 (Mantis vs Mantis): 0-1 {Black mates}
Score of Mantis vs Mantis: 25 - 18 - 3  [0.576] 46
Started game 50 of 200 (Mantis vs Mantis)
Finished game 47 (Mantis vs Mantis): 1-0 {White mates}
Score of Mantis vs Mantis: 26 - 18 - 3  [0.585] 47
Started game 51 of 200 (Mantis vs Mantis)
Finished game 48 (Mantis vs Mantis): 1/2-1/2 {Draw by stalemate}
Score of Mantis vs Mantis: 26 - 18 - 4  [0.583] 48
Started game 52 of 200 (Mantis vs Mantis)
Finished game 49 (Mantis vs Mantis): 1/2-1/2 {Draw by 3-fold repetition}
Score of Mantis vs Mantis: 26 - 18 - 5  [0.582] 49
Started game 53 of 200 (Mantis vs Mantis)
Finished game 50 (Mantis vs Mantis): 0-1 {Black mates}
Score of Mantis vs Mantis: 27 - 18 - 5  [0.590] 50
Started game 54 of 200 (Mantis vs Mantis)
Finished game 51 (Mantis vs Mantis): 0-1 {Black mates}
Score of Mantis vs Mantis: 27 - 19 - 5  [0.578] 51
Started game 55 of 200 (Mantis vs Mantis)
Finished game 52 (Mantis vs Mantis): 0-1 {Black mates}
Score of Mantis vs Mantis: 28 - 19 - 5  [0.587] 52
Started game 56 of 200 (Mantis vs Mantis)
Finished game 53 (Mantis vs Mantis): 1-0 {White mates}
Score of Mantis vs Mantis: 29 - 19 - 5  [0.594] 53
Started game 57 of 200 (Mantis vs Mantis)
Finished game 54 (Mantis vs Mantis): 1/2-1/2 {Draw by stalemate}
Score of Mantis vs Mantis: 29 - 19 - 6  [0.593] 54
Started game 58 of 200 (Mantis vs Mantis)
Finished game 56 (Mantis vs Mantis): 0-1 {Black mates}
Score of Mantis vs Mantis: 30 - 19 - 6  [0.600] 55
Started game 59 of 200 (Mantis vs Mantis)
Finished game 55 (Mantis vs Mantis): 1/2-1/2 {Draw by 3-fold repetition}
Score of Mantis vs Mantis: 30 - 19 - 7  [0.598] 56
Started game 60 of 200 (Mantis vs Mantis)
Finished game 57 (Mantis vs Mantis): 1/2-1/2 {Draw by 3-fold repetition}
Score of Mantis vs Mantis: 30 - 19 - 8  [0.596] 57
Started game 61 of 200 (Mantis vs Mantis)
Finished game 58 (Mantis vs Mantis): 1/2-1/2 {Draw by 3-fold repetition}
Score of Mantis vs Mantis: 30 - 19 - 9  [0.595] 58
Started game 62 of 200 (Mantis vs Mantis)
Finished game 59 (Mantis vs Mantis): 1-0 {White mates}
Score of Mantis vs Mantis: 31 - 19 - 9  [0.602] 59
Started game 63 of 200 (Mantis vs Mantis)
Finished game 60 (Mantis vs Mantis): 1-0 {White mates}
Score of Mantis vs Mantis: 31 - 20 - 9  [0.592] 60
Started game 64 of 200 (Mantis vs Mantis)
Finished game 61 (Mantis vs Mantis): 0-1 {Black mates}
Score of Mantis vs Mantis: 31 - 21 - 9  [0.582] 61
Started game 65 of 200 (Mantis vs Mantis)
Finished game 62 (Mantis vs Mantis): 1/2-1/2 {Draw by 3-fold repetition}
Score of Mantis vs Mantis: 31 - 21 - 10  [0.581] 62
Started game 66 of 200 (Mantis vs Mantis)
Finished game 63 (Mantis vs Mantis): 1/2-1/2 {Draw by 3-fold repetition}
Score of Mantis vs Mantis: 31 - 21 - 11  [0.579] 63
Started game 67 of 200 (Mantis vs Mantis)
Finished game 64 (Mantis vs Mantis): 0-1 {Black mates}
Score of Mantis vs Mantis: 32 - 21 - 11  [0.586] 64
Started game 68 of 200 (Mantis vs Mantis)
Finished game 65 (Mantis vs Mantis): 1-0 {White mates}
Score of Mantis vs Mantis: 33 - 21 - 11  [0.592] 65
Started game 69 of 200 (Mantis vs Mantis)
Finished game 66 (Mantis vs Mantis): 1/2-1/2 {Draw by 3-fold repetition}
Score of Mantis vs Mantis: 33 - 21 - 12  [0.591] 66
Started game 70 of 200 (Mantis vs Mantis)
Finished game 68 (Mantis vs Mantis): 0-1 {Black mates}
Score of Mantis vs Mantis: 34 - 21 - 12  [0.597] 67
Started game 71 of 200 (Mantis vs Mantis)
Finished game 67 (Mantis vs Mantis): 1-0 {White mates}
Score of Mantis vs Mantis: 35 - 21 - 12  [0.603] 68
Started game 72 of 200 (Mantis vs Mantis)
Finished game 69 (Mantis vs Mantis): 1-0 {White mates}
Score of Mantis vs Mantis: 36 - 21 - 12  [0.609] 69
Started game 73 of 200 (Mantis vs Mantis)
Finished game 70 (Mantis vs Mantis): 1-0 {White mates}
Score of Mantis vs Mantis: 36 - 22 - 12  [0.600] 70
Started game 74 of 200 (Mantis vs Mantis)
Finished game 71 (Mantis vs Mantis): 1/2-1/2 {Draw by 3-fold repetition}
Score of Mantis vs Mantis: 36 - 22 - 13  [0.599] 71
Started game 75 of 200 (Mantis vs Mantis)
Finished game 72 (Mantis vs Mantis): 1-0 {White mates}
Score of Mantis vs Mantis: 36 - 23 - 13  [0.590] 72
Started game 76 of 200 (Mantis vs Mantis)
Finished game 73 (Mantis vs Mantis): 0-1 {Black mates}
Score of Mantis vs Mantis: 36 - 24 - 13  [0.582] 73
Started game 77 of 200 (Mantis vs Mantis)
Finished game 74 (Mantis vs Mantis): 1-0 {White mates}
Score of Mantis vs Mantis: 36 - 25 - 13  [0.574] 74
Started game 78 of 200 (Mantis vs Mantis)
Finished game 75 (Mantis vs Mantis): 0-1 {Black mates}
Score of Mantis vs Mantis: 36 - 26 - 13  [0.567] 75
Started game 79 of 200 (Mantis vs Mantis)
Finished game 76 (Mantis vs Mantis): 1/2-1/2 {Draw by 3-fold repetition}
Score of Mantis vs Mantis: 36 - 26 - 14  [0.566] 76
Started game 80 of 200 (Mantis vs Mantis)
Finished game 77 (Mantis vs Mantis): 1-0 {White mates}
Score of Mantis vs Mantis: 37 - 26 - 14  [0.571] 77
Started game 81 of 200 (Mantis vs Mantis)
Finished game 78 (Mantis vs Mantis): 0-1 {Black mates}
Score of Mantis vs Mantis: 38 - 26 - 14  [0.577] 78
Started game 82 of 200 (Mantis vs Mantis)
Finished game 79 (Mantis vs Mantis): 1-0 {White mates}
Score of Mantis vs Mantis: 39 - 26 - 14  [0.582] 79
Started game 83 of 200 (Mantis vs Mantis)
Finished game 80 (Mantis vs Mantis): 1-0 {White mates}
Score of Mantis vs Mantis: 39 - 27 - 14  [0.575] 80
Started game 84 of 200 (Mantis vs Mantis)
Finished game 81 (Mantis vs Mantis): 1/2-1/2 {Draw by 3-fold repetition}
Score of Mantis vs Mantis: 39 - 27 - 15  [0.574] 81
Started game 85 of 200 (Mantis vs Mantis)
Finished game 83 (Mantis vs Mantis): 0-1 {Black mates}
Score of Mantis vs Mantis: 39 - 28 - 15  [0.567] 82
Started game 86 of 200 (Mantis vs Mantis)
Finished game 82 (Mantis vs Mantis): 1/2-1/2 {Draw by stalemate}
Score of Mantis vs Mantis: 39 - 28 - 16  [0.566] 83
Started game 87 of 200 (Mantis vs Mantis)
Finished game 84 (Mantis vs Mantis): 1-0 {White mates}
Score of Mantis vs Mantis: 39 - 29 - 16  [0.560] 84
Started game 88 of 200 (Mantis vs Mantis)
Finished game 85 (Mantis vs Mantis): 1-0 {White mates}
Score of Mantis vs Mantis: 40 - 29 - 16  [0.565] 85
Started game 89 of 200 (Mantis vs Mantis)
Finished game 86 (Mantis vs Mantis): 1-0 {White mates}
Score of Mantis vs Mantis: 40 - 30 - 16  [0.558] 86
Started game 90 of 200 (Mantis vs Mantis)
Finished game 87 (Mantis vs Mantis): 1-0 {White mates}
Score of Mantis vs Mantis: 41 - 30 - 16  [0.563] 87
Started game 91 of 200 (Mantis vs Mantis)
Finished game 88 (Mantis vs Mantis): 0-1 {Black mates}
Score of Mantis vs Mantis: 42 - 30 - 16  [0.568] 88
Started game 92 of 200 (Mantis vs Mantis)
Finished game 89 (Mantis vs Mantis): 0-1 {Black mates}
Score of Mantis vs Mantis: 42 - 31 - 16  [0.562] 89
Started game 93 of 200 (Mantis vs Mantis)
Finished game 90 (Mantis vs Mantis): 0-1 {Black mates}
Score of Mantis vs Mantis: 43 - 31 - 16  [0.567] 90
Started game 94 of 200 (Mantis vs Mantis)
Finished game 91 (Mantis vs Mantis): 1/2-1/2 {Draw by 3-fold repetition}
Score of Mantis vs Mantis: 43 - 31 - 17  [0.566] 91
Started game 95 of 200 (Mantis vs Mantis)
Finished game 92 (Mantis vs Mantis): 1/2-1/2 {Draw by stalemate}
Score of Mantis vs Mantis: 43 - 31 - 18  [0.565] 92
Started game 96 of 200 (Mantis vs Mantis)
Finished game 93 (Mantis vs Mantis): 0-1 {Black mates}
Score of Mantis vs Mantis: 43 - 32 - 18  [0.559] 93
Started game 97 of 200 (Mantis vs Mantis)
Finished game 94 (Mantis vs Mantis): 1-0 {White mates}
Score of Mantis vs Mantis: 43 - 33 - 18  [0.553] 94
Started game 98 of 200 (Mantis vs Mantis)
Finished game 95 (Mantis vs Mantis): 1/2-1/2 {Draw by 3-fold repetition}
Score of Mantis vs Mantis: 43 - 33 - 19  [0.553] 95
Started game 99 of 200 (Mantis vs Mantis)
Finished game 96 (Mantis vs Mantis): 0-1 {Black mates}
Score of Mantis vs Mantis: 44 - 33 - 19  [0.557] 96
Started game 100 of 200 (Mantis vs Mantis)
Finished game 97 (Mantis vs Mantis): 0-1 {Black mates}
Score of Mantis vs Mantis: 44 - 34 - 19  [0.552] 97
Started game 101 of 200 (Mantis vs Mantis)
Finished game 98 (Mantis vs Mantis): 1-0 {White mates}
Score of Mantis vs Mantis: 44 - 35 - 19  [0.546] 98
Started game 102 of 200 (Mantis vs Mantis)
Finished game 99 (Mantis vs Mantis): 1-0 {White mates}
Score of Mantis vs Mantis: 45 - 35 - 19  [0.551] 99
Started game 103 of 200 (Mantis vs Mantis)
Finished game 100 (Mantis vs Mantis): 0-1 {Black mates}
Score of Mantis vs Mantis: 46 - 35 - 19  [0.555] 100
Started game 104 of 200 (Mantis vs Mantis)
Finished game 101 (Mantis vs Mantis): 1-0 {White mates}
Score of Mantis vs Mantis: 47 - 35 - 19  [0.559] 101
Started game 105 of 200 (Mantis vs Mantis)
Finished game 102 (Mantis vs Mantis): 0-1 {Black mates}
Score of Mantis vs Mantis: 48 - 35 - 19  [0.564] 102
Started game 106 of 200 (Mantis vs Mantis)
Finished game 103 (Mantis vs Mantis): 1/2-1/2 {Draw by 3-fold repetition}
Score of Mantis vs Mantis: 48 - 35 - 20  [0.563] 103
Started game 107 of 200 (Mantis vs Mantis)
Finished game 104 (Mantis vs Mantis): 1-0 {White mates}
Score of Mantis vs Mantis: 48 - 36 - 20  [0.558] 104
Started game 108 of 200 (Mantis vs Mantis)
Finished game 105 (Mantis vs Mantis): 0-1 {Black mates}
Score of Mantis vs Mantis: 48 - 37 - 20  [0.552] 105
Started game 109 of 200 (Mantis vs Mantis)
Finished game 106 (Mantis vs Mantis): 1-0 {White mates}
Score of Mantis vs Mantis: 48 - 38 - 20  [0.547] 106
Started game 110 of 200 (Mantis vs Mantis)
Finished game 107 (Mantis vs Mantis): 1/2-1/2 {Draw by 3-fold repetition}
Score of Mantis vs Mantis: 48 - 38 - 21  [0.547] 107
Started game 111 of 200 (Mantis vs Mantis)
Finished game 108 (Mantis vs Mantis): 1-0 {White mates}
Score of Mantis vs Mantis: 48 - 39 - 21  [0.542] 108
Started game 112 of 200 (Mantis vs Mantis)
Finished game 110 (Mantis vs Mantis): 0-1 {Black mates}
Score of Mantis vs Mantis: 49 - 39 - 21  [0.546] 109
Started game 113 of 200 (Mantis vs Mantis)
Finished game 109 (Mantis vs Mantis): 1/2-1/2 {Draw by 3-fold repetition}
Score of Mantis vs Mantis: 49 - 39 - 22  [0.545] 110
Started game 114 of 200 (Mantis vs Mantis)
Finished game 111 (Mantis vs Mantis): 0-1 {Black mates}
Score of Mantis vs Mantis: 49 - 40 - 22  [0.541] 111
Started game 115 of 200 (Mantis vs Mantis)
Finished game 112 (Mantis vs Mantis): 0-1 {Black mates}
Score of Mantis vs Mantis: 50 - 40 - 22  [0.545] 112
Started game 116 of 200 (Mantis vs Mantis)
Finished game 114 (Mantis vs Mantis): 0-1 {Black mates}
Score of Mantis vs Mantis: 51 - 40 - 22  [0.549] 113
Started game 117 of 200 (Mantis vs Mantis)
Finished game 113 (Mantis vs Mantis): 1-0 {White mates}
Score of Mantis vs Mantis: 52 - 40 - 22  [0.553] 114
Started game 118 of 200 (Mantis vs Mantis)
Finished game 115 (Mantis vs Mantis): 1/2-1/2 {Draw by 3-fold repetition}
Score of Mantis vs Mantis: 52 - 40 - 23  [0.552] 115
Started game 119 of 200 (Mantis vs Mantis)
Finished game 116 (Mantis vs Mantis): 1-0 {White mates}
Score of Mantis vs Mantis: 52 - 41 - 23  [0.547] 116
Started game 120 of 200 (Mantis vs Mantis)
Finished game 117 (Mantis vs Mantis): 0-1 {Black mates}
Score of Mantis vs Mantis: 52 - 42 - 23  [0.543] 117
Started game 121 of 200 (Mantis vs Mantis)
Finished game 118 (Mantis vs Mantis): 0-1 {Black mates}
Score of Mantis vs Mantis: 53 - 42 - 23  [0.547] 118
Started game 122 of 200 (Mantis vs Mantis)
Finished game 119 (Mantis vs Mantis): 0-1 {Black mates}
Score of Mantis vs Mantis: 53 - 43 - 23  [0.542] 119
Started game 123 of 200 (Mantis vs Mantis)
Finished game 120 (Mantis vs Mantis): 1/2-1/2 {Draw by 3-fold repetition}
Score of Mantis vs Mantis: 53 - 43 - 24  [0.542] 120
Started game 124 of 200 (Mantis vs Mantis)
Finished game 121 (Mantis vs Mantis): 0-1 {Black mates}
Score of Mantis vs Mantis: 53 - 44 - 24  [0.537] 121
Started game 125 of 200 (Mantis vs Mantis)
Finished game 122 (Mantis vs Mantis): 0-1 {Black mates}
Score of Mantis vs Mantis: 54 - 44 - 24  [0.541] 122
Started game 126 of 200 (Mantis vs Mantis)
Finished game 123 (Mantis vs Mantis): 0-1 {Black mates}
Score of Mantis vs Mantis: 54 - 45 - 24  [0.537] 123
Started game 127 of 200 (Mantis vs Mantis)
Finished game 124 (Mantis vs Mantis): 1-0 {White mates}
Score of Mantis vs Mantis: 54 - 46 - 24  [0.532] 124
Started game 128 of 200 (Mantis vs Mantis)
Finished game 125 (Mantis vs Mantis): 1-0 {White mates}
Score of Mantis vs Mantis: 55 - 46 - 24  [0.536] 125
Started game 129 of 200 (Mantis vs Mantis)
Finished game 126 (Mantis vs Mantis): 1/2-1/2 {Draw by 3-fold repetition}
Score of Mantis vs Mantis: 55 - 46 - 25  [0.536] 126
Started game 130 of 200 (Mantis vs Mantis)
Finished game 127 (Mantis vs Mantis): 0-1 {Black mates}
Score of Mantis vs Mantis: 55 - 47 - 25  [0.531] 127
Started game 131 of 200 (Mantis vs Mantis)
Finished game 128 (Mantis vs Mantis): 0-1 {Black mates}
Score of Mantis vs Mantis: 56 - 47 - 25  [0.535] 128
Started game 132 of 200 (Mantis vs Mantis)
Finished game 129 (Mantis vs Mantis): 1-0 {White mates}
Score of Mantis vs Mantis: 57 - 47 - 25  [0.539] 129
Started game 133 of 200 (Mantis vs Mantis)
Finished game 130 (Mantis vs Mantis): 1-0 {White mates}
Score of Mantis vs Mantis: 57 - 48 - 25  [0.535] 130
Started game 134 of 200 (Mantis vs Mantis)
Finished game 131 (Mantis vs Mantis): 0-1 {Black mates}
Score of Mantis vs Mantis: 57 - 49 - 25  [0.531] 131
Started game 135 of 200 (Mantis vs Mantis)
Finished game 132 (Mantis vs Mantis): 1-0 {White mates}
Score of Mantis vs Mantis: 57 - 50 - 25  [0.527] 132
Started game 136 of 200 (Mantis vs Mantis)
Finished game 133 (Mantis vs Mantis): 0-1 {Black mates}
Score of Mantis vs Mantis: 57 - 51 - 25  [0.523] 133
Started game 137 of 200 (Mantis vs Mantis)
Finished game 134 (Mantis vs Mantis): 0-1 {Black mates}
Score of Mantis vs Mantis: 58 - 51 - 25  [0.526] 134
Started game 138 of 200 (Mantis vs Mantis)
Finished game 135 (Mantis vs Mantis): 1-0 {White mates}
Score of Mantis vs Mantis: 59 - 51 - 25  [0.530] 135
Started game 139 of 200 (Mantis vs Mantis)
Finished game 136 (Mantis vs Mantis): 1/2-1/2 {Draw by 3-fold repetition}
Score of Mantis vs Mantis: 59 - 51 - 26  [0.529] 136
Started game 140 of 200 (Mantis vs Mantis)
Finished game 137 (Mantis vs Mantis): 1-0 {White mates}
Score of Mantis vs Mantis: 60 - 51 - 26  [0.533] 137
Started game 141 of 200 (Mantis vs Mantis)
Finished game 138 (Mantis vs Mantis): 1-0 {White mates}
Score of Mantis vs Mantis: 60 - 52 - 26  [0.529] 138
Started game 142 of 200 (Mantis vs Mantis)
Finished game 139 (Mantis vs Mantis): 1-0 {White mates}
Score of Mantis vs Mantis: 61 - 52 - 26  [0.532] 139
Started game 143 of 200 (Mantis vs Mantis)
Finished game 140 (Mantis vs Mantis): 0-1 {Black mates}
Score of Mantis vs Mantis: 62 - 52 - 26  [0.536] 140
Started game 144 of 200 (Mantis vs Mantis)
Finished game 141 (Mantis vs Mantis): 0-1 {Black mates}
Score of Mantis vs Mantis: 62 - 53 - 26  [0.532] 141
Started game 145 of 200 (Mantis vs Mantis)
Finished game 142 (Mantis vs Mantis): 1-0 {White mates}
Score of Mantis vs Mantis: 62 - 54 - 26  [0.528] 142
Started game 146 of 200 (Mantis vs Mantis)
Finished game 143 (Mantis vs Mantis): 0-1 {Black mates}
Score of Mantis vs Mantis: 62 - 55 - 26  [0.524] 143
Started game 147 of 200 (Mantis vs Mantis)
Finished game 144 (Mantis vs Mantis): 1/2-1/2 {Draw by 3-fold repetition}
Score of Mantis vs Mantis: 62 - 55 - 27  [0.524] 144
Started game 148 of 200 (Mantis vs Mantis)
Finished game 145 (Mantis vs Mantis): 1/2-1/2 {Draw by 3-fold repetition}
Score of Mantis vs Mantis: 62 - 55 - 28  [0.524] 145
Started game 149 of 200 (Mantis vs Mantis)
Finished game 146 (Mantis vs Mantis): 0-1 {Black mates}
Score of Mantis vs Mantis: 63 - 55 - 28  [0.527] 146
Started game 150 of 200 (Mantis vs Mantis)
Finished game 147 (Mantis vs Mantis): 1/2-1/2 {Draw by 3-fold repetition}
Score of Mantis vs Mantis: 63 - 55 - 29  [0.527] 147
Started game 151 of 200 (Mantis vs Mantis)
Finished game 148 (Mantis vs Mantis): 1-0 {White mates}
Score of Mantis vs Mantis: 63 - 56 - 29  [0.524] 148
Started game 152 of 200 (Mantis vs Mantis)
Finished game 149 (Mantis vs Mantis): 1-0 {White mates}
Score of Mantis vs Mantis: 64 - 56 - 29  [0.527] 149
Started game 153 of 200 (Mantis vs Mantis)
Finished game 150 (Mantis vs Mantis): 1-0 {White mates}
Score of Mantis vs Mantis: 64 - 57 - 29  [0.523] 150
Started game 154 of 200 (Mantis vs Mantis)
Finished game 151 (Mantis vs Mantis): 0-1 {Black mates}
Score of Mantis vs Mantis: 64 - 58 - 29  [0.520] 151
Started game 155 of 200 (Mantis vs Mantis)
Finished game 152 (Mantis vs Mantis): 1-0 {White mates}
Score of Mantis vs Mantis: 64 - 59 - 29  [0.516] 152
Started game 156 of 200 (Mantis vs Mantis)
Finished game 153 (Mantis vs Mantis): 1-0 {White mates}
Score of Mantis vs Mantis: 65 - 59 - 29  [0.520] 153
Started game 157 of 200 (Mantis vs Mantis)
Finished game 154 (Mantis vs Mantis): 1/2-1/2 {Draw by stalemate}
Score of Mantis vs Mantis: 65 - 59 - 30  [0.519] 154
Started game 158 of 200 (Mantis vs Mantis)
Finished game 156 (Mantis vs Mantis): 0-1 {Black mates}
Score of Mantis vs Mantis: 66 - 59 - 30  [0.523] 155
Started game 159 of 200 (Mantis vs Mantis)
Finished game 155 (Mantis vs Mantis): 0-1 {Black mates}
Score of Mantis vs Mantis: 66 - 60 - 30  [0.519] 156
Started game 160 of 200 (Mantis vs Mantis)
Finished game 157 (Mantis vs Mantis): 1-0 {White mates}
Score of Mantis vs Mantis: 67 - 60 - 30  [0.522] 157
Started game 161 of 200 (Mantis vs Mantis)
Finished game 158 (Mantis vs Mantis): 1-0 {White mates}
Score of Mantis vs Mantis: 67 - 61 - 30  [0.519] 158
Started game 162 of 200 (Mantis vs Mantis)
Finished game 159 (Mantis vs Mantis): 1-0 {White mates}
Score of Mantis vs Mantis: 68 - 61 - 30  [0.522] 159
Started game 163 of 200 (Mantis vs Mantis)
Finished game 160 (Mantis vs Mantis): 1-0 {White mates}
Score of Mantis vs Mantis: 68 - 62 - 30  [0.519] 160
Started game 164 of 200 (Mantis vs Mantis)
Finished game 161 (Mantis vs Mantis): 1/2-1/2 {Draw by 3-fold repetition}
Score of Mantis vs Mantis: 68 - 62 - 31  [0.519] 161
Started game 165 of 200 (Mantis vs Mantis)
Finished game 162 (Mantis vs Mantis): 0-1 {Black mates}
Score of Mantis vs Mantis: 69 - 62 - 31  [0.522] 162
Started game 166 of 200 (Mantis vs Mantis)
Finished game 163 (Mantis vs Mantis): 1-0 {White mates}
Score of Mantis vs Mantis: 70 - 62 - 31  [0.525] 163
Started game 167 of 200 (Mantis vs Mantis)
Finished game 164 (Mantis vs Mantis): 1-0 {White mates}
Score of Mantis vs Mantis: 70 - 63 - 31  [0.521] 164
Started game 168 of 200 (Mantis vs Mantis)
Finished game 165 (Mantis vs Mantis): 1/2-1/2 {Draw by 3-fold repetition}
Score of Mantis vs Mantis: 70 - 63 - 32  [0.521] 165
Started game 169 of 200 (Mantis vs Mantis)
Finished game 166 (Mantis vs Mantis): 1/2-1/2 {Draw by 3-fold repetition}
Score of Mantis vs Mantis: 70 - 63 - 33  [0.521] 166
Started game 170 of 200 (Mantis vs Mantis)
Finished game 167 (Mantis vs Mantis): 1-0 {White mates}
Score of Mantis vs Mantis: 71 - 63 - 33  [0.524] 167
Started game 171 of 200 (Mantis vs Mantis)
Finished game 168 (Mantis vs Mantis): 0-1 {Black mates}
Score of Mantis vs Mantis: 72 - 63 - 33  [0.527] 168
Started game 172 of 200 (Mantis vs Mantis)
Finished game 169 (Mantis vs Mantis): 0-1 {Black mates}
Score of Mantis vs Mantis: 72 - 64 - 33  [0.524] 169
Started game 173 of 200 (Mantis vs Mantis)
Finished game 170 (Mantis vs Mantis): 1-0 {White mates}
Score of Mantis vs Mantis: 72 - 65 - 33  [0.521] 170
Started game 174 of 200 (Mantis vs Mantis)
Finished game 171 (Mantis vs Mantis): 1/2-1/2 {Draw by 3-fold repetition}
Score of Mantis vs Mantis: 72 - 65 - 34  [0.520] 171
Started game 175 of 200 (Mantis vs Mantis)
Finished game 172 (Mantis vs Mantis): 1/2-1/2 {Draw by 3-fold repetition}
Score of Mantis vs Mantis: 72 - 65 - 35  [0.520] 172
Started game 176 of 200 (Mantis vs Mantis)
Finished game 173 (Mantis vs Mantis): 1/2-1/2 {Draw by 3-fold repetition}
Score of Mantis vs Mantis: 72 - 65 - 36  [0.520] 173
Started game 177 of 200 (Mantis vs Mantis)
Finished game 174 (Mantis vs Mantis): 0-1 {Black mates}
Score of Mantis vs Mantis: 73 - 65 - 36  [0.523] 174
Started game 178 of 200 (Mantis vs Mantis)
Finished game 176 (Mantis vs Mantis): 0-1 {Black mates}
Score of Mantis vs Mantis: 74 - 65 - 36  [0.526] 175
Started game 179 of 200 (Mantis vs Mantis)
Finished game 175 (Mantis vs Mantis): 1/2-1/2 {Draw by 3-fold repetition}
Score of Mantis vs Mantis: 74 - 65 - 37  [0.526] 176
Started game 180 of 200 (Mantis vs Mantis)
Finished game 177 (Mantis vs Mantis): 1/2-1/2 {Draw by 3-fold repetition}
Score of Mantis vs Mantis: 74 - 65 - 38  [0.525] 177
Started game 181 of 200 (Mantis vs Mantis)
Finished game 178 (Mantis vs Mantis): 1-0 {White mates}
Score of Mantis vs Mantis: 74 - 66 - 38  [0.522] 178
Started game 182 of 200 (Mantis vs Mantis)
Finished game 179 (Mantis vs Mantis): 0-1 {Black mates}
Score of Mantis vs Mantis: 74 - 67 - 38  [0.520] 179
Started game 183 of 200 (Mantis vs Mantis)
Finished game 180 (Mantis vs Mantis): 1-0 {White mates}
Score of Mantis vs Mantis: 74 - 68 - 38  [0.517] 180
Started game 184 of 200 (Mantis vs Mantis)
Finished game 181 (Mantis vs Mantis): 1-0 {White mates}
Score of Mantis vs Mantis: 75 - 68 - 38  [0.519] 181
Started game 185 of 200 (Mantis vs Mantis)
Finished game 182 (Mantis vs Mantis): 0-1 {Black mates}
Score of Mantis vs Mantis: 76 - 68 - 38  [0.522] 182
Started game 186 of 200 (Mantis vs Mantis)
Finished game 183 (Mantis vs Mantis): 0-1 {Black mates}
Score of Mantis vs Mantis: 76 - 69 - 38  [0.519] 183
Started game 187 of 200 (Mantis vs Mantis)
Finished game 184 (Mantis vs Mantis): 0-1 {Black mates}
Score of Mantis vs Mantis: 77 - 69 - 38  [0.522] 184
Started game 188 of 200 (Mantis vs Mantis)
Finished game 185 (Mantis vs Mantis): 0-1 {Black mates}
Score of Mantis vs Mantis: 77 - 70 - 38  [0.519] 185
Started game 189 of 200 (Mantis vs Mantis)
Finished game 186 (Mantis vs Mantis): 1/2-1/2 {Draw by stalemate}
Score of Mantis vs Mantis: 77 - 70 - 39  [0.519] 186
Started game 190 of 200 (Mantis vs Mantis)
Finished game 187 (Mantis vs Mantis): 0-1 {Black mates}
Score of Mantis vs Mantis: 77 - 71 - 39  [0.516] 187
Started game 191 of 200 (Mantis vs Mantis)
Finished game 188 (Mantis vs Mantis): 0-1 {Black mates}
Score of Mantis vs Mantis: 78 - 71 - 39  [0.519] 188
Started game 192 of 200 (Mantis vs Mantis)
Finished game 189 (Mantis vs Mantis): 0-1 {Black mates}
Score of Mantis vs Mantis: 78 - 72 - 39  [0.516] 189
Started game 193 of 200 (Mantis vs Mantis)
Finished game 190 (Mantis vs Mantis): 1-0 {White mates}
Score of Mantis vs Mantis: 78 - 73 - 39  [0.513] 190
Started game 194 of 200 (Mantis vs Mantis)
Finished game 191 (Mantis vs Mantis): 1/2-1/2 {Draw by 3-fold repetition}
Score of Mantis vs Mantis: 78 - 73 - 40  [0.513] 191
Started game 195 of 200 (Mantis vs Mantis)
Finished game 192 (Mantis vs Mantis): 0-1 {Black mates}
Score of Mantis vs Mantis: 79 - 73 - 40  [0.516] 192
Started game 196 of 200 (Mantis vs Mantis)
Finished game 193 (Mantis vs Mantis): 1/2-1/2 {Draw by 3-fold repetition}
Score of Mantis vs Mantis: 79 - 73 - 41  [0.516] 193
Started game 197 of 200 (Mantis vs Mantis)
Finished game 194 (Mantis vs Mantis): 0-1 {Black mates}
Score of Mantis vs Mantis: 80 - 73 - 41  [0.518] 194
Started game 198 of 200 (Mantis vs Mantis)
Finished game 195 (Mantis vs Mantis): 1/2-1/2 {Draw by 3-fold repetition}
Score of Mantis vs Mantis: 80 - 73 - 42  [0.518] 195
Started game 199 of 200 (Mantis vs Mantis)
Finished game 196 (Mantis vs Mantis): 0-1 {Black mates}
Score of Mantis vs Mantis: 81 - 73 - 42  [0.520] 196
Started game 200 of 200 (Mantis vs Mantis)
Finished game 197 (Mantis vs Mantis): 1-0 {White mates}
Score of Mantis vs Mantis: 82 - 73 - 42  [0.523] 197
Finished game 198 (Mantis vs Mantis): 1-0 {White mates}
Score of Mantis vs Mantis: 82 - 74 - 42  [0.520] 198
Finished game 199 (Mantis vs Mantis): 1-0 {White mates}
Score of Mantis vs Mantis: 83 - 74 - 42  [0.523] 199
Finished game 200 (Mantis vs Mantis): 1/2-1/2 {Draw by 3-fold repetition}
Score of Mantis vs Mantis: 83 - 74 - 43  [0.522] 200
...      Mantis playing White: 38 - 37 - 25  [0.505] 100
...      Mantis playing Black: 45 - 37 - 18  [0.540] 100
...      White vs Black: 75 - 82 - 43  [0.482] 200
Elo difference: 15.6 +/- 42.8, LOS: 76.4 %, DrawRatio: 21.5 %
SPRT: llr 0 (0.0%), lbound -inf, ubound inf

Player: Mantis
   "Draw by 3-fold repetition": 37
   "Draw by stalemate": 6
   "Loss: Black mates": 37
   "Loss: White mates": 37
   "Win: Black mates": 45
   "Win: White mates": 38
Player: Mantis
   "Draw by 3-fold repetition": 37
   "Draw by stalemate": 6
   "Loss: Black mates": 45
   "Loss: White mates": 38
   "Win: Black mates": 37
   "Win: White mates": 37
Finished match
